<?xml version="1.0" encoding="UTF-8"?>
<!-- Generated by org.testng.reporters.JUnitXMLReporter -->
<testsuite ignored="13" hostname="DESKTOP-CHQN095" failures="0" tests="1" name="Default test" time="18.744" errors="0" timestamp="2024-11-09T01:46:30 GMT+03:00">
  <testcase classname="automationcode.AutomationAseertions" name="frame" time="6.003"/>
  <testcase classname="automationcode.AutomationAseertions" name="ablebutton2" time="0.0">
    <ignored/>
  </testcase> <!-- ablebutton2 -->
  <testcase classname="automationcode.AutomationAseertions" name="SelectButton" time="0.0">
    <ignored/>
  </testcase> <!-- SelectButton -->
  <testcase classname="automationcode.AutomationAseertions" name="Hidebutton" time="0.0">
    <ignored/>
  </testcase> <!-- Hidebutton -->
  <testcase classname="automationcode.AutomationAseertions" name="hover" time="0.0">
    <ignored/>
  </testcase> <!-- hover -->
  <testcase classname="automationcode.AutomationAseertions" name="CheckBox" time="0.0">
    <ignored/>
  </testcase> <!-- CheckBox -->
  <testcase classname="automationcode.AutomationAseertions" name="ableButton" time="0.0">
    <ignored/>
  </testcase> <!-- ableButton -->
  <testcase classname="automationcode.AutomationAseertions" name="link" time="0.0">
    <ignored/>
  </testcase> <!-- link -->
  <testcase classname="automationcode.AutomationAseertions" name="RadioButtons" time="0.0">
    <ignored/>
  </testcase> <!-- RadioButtons -->
  <testcase classname="automationcode.AutomationAseertions" name="linkClick" time="0.0">
    <ignored/>
  </testcase> <!-- linkClick -->
  <testcase classname="automationcode.AutomationAseertions" name="Table" time="0.0">
    <ignored/>
  </testcase> <!-- Table -->
  <testcase classname="automationcode.AutomationAseertions" name="DropDownExample" time="0.0">
    <ignored/>
  </testcase> <!-- DropDownExample -->
  <testcase classname="automationcode.AutomationAseertions" name="Hide" time="0.0">
    <ignored/>
  </testcase> <!-- Hide -->
  <testcase classname="automationcode.AutomationAseertions" name="Click" time="0.0">
    <ignored/>
  </testcase> <!-- Click -->
</testsuite> <!-- Default test -->
