<?xml version="1.0" encoding="UTF-8"?>
<testng-results ignored="13" total="14" passed="1" failed="0" skipped="0">
  <reporter-output>
  </reporter-output>
  <suite started-at="2024-11-09T01:46:11 GMT+03:00" name="Default suite" finished-at="2024-11-09T01:46:30 GMT+03:00" duration-ms="18744">
    <groups>
    </groups>
    <test started-at="2024-11-09T01:46:11 GMT+03:00" name="Default test" finished-at="2024-11-09T01:46:30 GMT+03:00" duration-ms="18744">
      <class name="automationcode.AutomationAseertions">
        <test-method is-config="true" signature="BeforStarted()[pri:0, instance:automationcode.AutomationAseertions@1b2c4efb]" started-at="2024-11-09T01:46:11 GMT+03:00" name="BeforStarted" finished-at="2024-11-09T01:46:24 GMT+03:00" duration-ms="12375" status="PASS">
          <reporter-output>
          </reporter-output>
        </test-method> <!-- BeforStarted -->
        <test-method signature="frame()[pri:13, instance:automationcode.AutomationAseertions@1b2c4efb]" started-at="2024-11-09T01:46:24 GMT+03:00" name="frame" finished-at="2024-11-09T01:46:30 GMT+03:00" duration-ms="6003" status="PASS">
          <reporter-output>
          </reporter-output>
        </test-method> <!-- frame -->
      </class> <!-- automationcode.AutomationAseertions -->
    </test> <!-- Default test -->
  </suite> <!-- Default suite -->
</testng-results>
